[debug] [2023-10-03T23:30:55.173Z] ----------------------------------------------------------------------
[debug] [2023-10-03T23:30:55.175Z] Command:       C:\Program Files\nodejs\node.exe C:\Users\LENOVO\AppData\Roaming\npm\node_modules\firebase-tools\lib\bin\firebase.js init
[debug] [2023-10-03T23:30:55.176Z] CLI Version:   12.6.1
[debug] [2023-10-03T23:30:55.176Z] Platform:      win32
[debug] [2023-10-03T23:30:55.176Z] Node Version:  v18.18.0
[debug] [2023-10-03T23:30:55.177Z] Time:          Tue Oct 03 2023 18:30:55 GMT-0500 (GMT-05:00)
[debug] [2023-10-03T23:30:55.177Z] ----------------------------------------------------------------------
[debug] 
[debug] [2023-10-03T23:30:55.288Z] > command requires scopes: ["email","openid","https://www.googleapis.com/auth/cloudplatformprojects.readonly","https://www.googleapis.com/auth/firebase","https://www.googleapis.com/auth/cloud-platform"]
[debug] [2023-10-03T23:30:55.289Z] > authorizing via signed-in user (krishnandasana2004@gmail.com)
[info] 
     ######## #### ########  ######## ########     ###     ######  ########
     ##        ##  ##     ## ##       ##     ##  ##   ##  ##       ##
     ######    ##  ########  ######   ########  #########  ######  ######
     ##        ##  ##    ##  ##       ##     ## ##     ##       ## ##
     ##       #### ##     ## ######## ########  ##     ##  ######  ########

You're about to initialize a Firebase project in this directory:

  C:\Users\LENOVO\OneDrive\Desktop\firebase-blog-master

Before we get started, keep in mind:

  * You are initializing within an existing Firebase project directory

[info] 
=== Project Setup
[info] 
[info] First, let's associate this project directory with a Firebase project.
[info] You can create multiple project aliases by running firebase use --add, 
[info] but for now we'll just set up a default project.
[info] 
[debug] [2023-10-03T23:31:04.499Z] Using project from CLI flag: react-blogs-app
[debug] [2023-10-03T23:31:04.507Z] >>> [apiv2][query] GET https://firebase.googleapis.com/v1beta1/projects/react-blogs-app [none]
[debug] [2023-10-03T23:31:05.217Z] <<< [apiv2][status] GET https://firebase.googleapis.com/v1beta1/projects/react-blogs-app 403
[debug] [2023-10-03T23:31:05.218Z] <<< [apiv2][body] GET https://firebase.googleapis.com/v1beta1/projects/react-blogs-app {"error":{"code":403,"message":"The caller does not have permission","status":"PERMISSION_DENIED"}}
[debug] [2023-10-03T23:31:05.220Z] HTTP Error: 403, The caller does not have permission
[debug] [2023-10-03T23:31:05.422Z] FirebaseError: HTTP Error: 403, The caller does not have permission
    at responseToError (C:\Users\LENOVO\AppData\Roaming\npm\node_modules\firebase-tools\lib\responseToError.js:49:12)
    at RetryOperation._fn (C:\Users\LENOVO\AppData\Roaming\npm\node_modules\firebase-tools\lib\apiv2.js:285:77)
    at process.processTicksAndRejections (node:internal/process/task_queues:95:5)
[error] 
[error] Error: Failed to get Firebase project react-blogs-app. Please make sure the project exists and your account has permission to access it.
